Arguments: 
  /usr/bin/node /usr/share/yarn/bin/yarn.js add shelljs

PATH: 
  /usr/local/sbin:/usr/local/bin:/usr/sbin:/usr/bin:/sbin:/bin:/usr/games:/usr/local/games:/snap/bin

Yarn version: 
  1.21.1

Node version: 
  10.15.2

Platform: 
  linux x64

Trace: 
  SyntaxError: /var/www/html/global-plugins/package.json: Unexpected string in JSON at position 161
      at JSON.parse (<anonymous>)
      at /usr/share/yarn/lib/cli.js:1625:59
      at Generator.next (<anonymous>)
      at step (/usr/share/yarn/lib/cli.js:310:30)
      at /usr/share/yarn/lib/cli.js:321:13

npm manifest: 
  {
    "name": "global-plugins",
    "version": "1.0.0",
    "description": "A factory of global plugins",
    "bin": {
      "create-plugin": "bin/create-plugin.js"
    }
    "author": "Tadeu Barbosa <tadeufbarbosa@gmail.com>",
    "license": "MIT"
  }

yarn manifest: 
  No manifest

Lockfile: 
  # THIS IS AN AUTOGENERATED FILE. DO NOT EDIT THIS FILE DIRECTLY.
  # yarn lockfile v1
